Started GET "/" for ::1 at 2019-04-17 18:26:15 +0900
Processing by Rails::WelcomeController#index as HTML
  Rendering /Users/shiraishiakihiro/.rbenv/versions/2.3.1/lib/ruby/gems/2.3.0/gems/railties-5.2.3/lib/rails/templates/rails/welcome/index.html.erb
  Rendered /Users/shiraishiakihiro/.rbenv/versions/2.3.1/lib/ruby/gems/2.3.0/gems/railties-5.2.3/lib/rails/templates/rails/welcome/index.html.erb (3.9ms)
Completed 200 OK in 23ms (Views: 14.4ms | ActiveRecord: 0.0ms)


Started GET "/" for ::1 at 2019-04-17 18:33:10 +0900
Processing by ArticlesController#index as HTML
  Rendering articles/index.html within layouts/application
  Rendered articles/index.html within layouts/application (0.5ms)
Completed 200 OK in 488ms (Views: 479.4ms | ActiveRecord: 0.0ms)


Started GET "/" for ::1 at 2019-04-17 18:50:08 +0900
Processing by ArticlesController#index as HTML
  Rendering articles/index.html within layouts/application
  Rendered articles/index.html within layouts/application (0.4ms)
Completed 200 OK in 29ms (Views: 26.2ms | ActiveRecord: 0.0ms)


Started GET "/" for ::1 at 2019-04-17 18:50:32 +0900
Processing by ArticlesController#index as HTML
  Rendering articles/index.html within layouts/application
  Rendered articles/index.html within layouts/application (0.3ms)
Completed 200 OK in 29ms (Views: 26.3ms | ActiveRecord: 0.0ms)


Started GET "/" for ::1 at 2019-04-17 18:50:44 +0900
Processing by ArticlesController#index as HTML
  Rendering articles/index.html within layouts/application
  Rendered articles/index.html within layouts/application (0.2ms)
Completed 200 OK in 30ms (Views: 27.8ms | ActiveRecord: 0.0ms)


Started GET "/" for ::1 at 2019-04-17 18:51:41 +0900
Processing by ArticlesController#index as HTML
  Rendering articles/index.html within layouts/application
  Rendered articles/index.html within layouts/application (0.3ms)
Completed 200 OK in 28ms (Views: 25.3ms | ActiveRecord: 0.0ms)


Started GET "/" for ::1 at 2019-04-17 19:52:32 +0900
Processing by ArticlesController#index as HTML
  Rendering articles/index.html within layouts/application
  Rendered articles/index.html within layouts/application (0.5ms)
Completed 200 OK in 25ms (Views: 22.2ms | ActiveRecord: 0.0ms)


Started GET "/" for ::1 at 2019-04-17 20:01:18 +0900
Processing by ArticlesController#index as HTML
  Rendering articles/index.html within layouts/application
  Rendered articles/index.html within layouts/application (0.2ms)
Completed 200 OK in 30ms (Views: 28.1ms | ActiveRecord: 0.0ms)


Started GET "/" for ::1 at 2019-04-17 20:01:37 +0900
Processing by ArticlesController#index as HTML
  Rendering articles/index.html within layouts/application
  Rendered articles/index.html within layouts/application (0.2ms)
Completed 200 OK in 23ms (Views: 20.6ms | ActiveRecord: 0.0ms)


Started GET "/" for ::1 at 2019-04-17 20:01:38 +0900
Processing by ArticlesController#index as HTML
  Rendering articles/index.html within layouts/application
  Rendered articles/index.html within layouts/application (0.2ms)
Completed 200 OK in 20ms (Views: 17.5ms | ActiveRecord: 0.0ms)


Started GET "/" for ::1 at 2019-04-17 20:02:51 +0900
Processing by ArticlesController#index as HTML
  Rendering articles/index.html within layouts/application
  Rendered articles/index.html within layouts/application (0.2ms)
Completed 200 OK in 25ms (Views: 22.6ms | ActiveRecord: 0.0ms)


Started GET "/" for ::1 at 2019-04-17 20:02:52 +0900
Processing by ArticlesController#index as HTML
  Rendering articles/index.html within layouts/application
  Rendered articles/index.html within layouts/application (0.3ms)
Completed 200 OK in 20ms (Views: 17.8ms | ActiveRecord: 0.0ms)


Started GET "/" for ::1 at 2019-04-17 20:04:01 +0900
Processing by ArticlesController#index as HTML
  Rendering articles/index.html within layouts/application
  Rendered articles/index.html within layouts/application (0.3ms)
Completed 200 OK in 23ms (Views: 20.6ms | ActiveRecord: 0.0ms)


Started GET "/" for ::1 at 2019-04-17 20:07:41 +0900
Processing by ArticlesController#index as HTML
  Rendering articles/index.html within layouts/application
  Rendered articles/index.html within layouts/application (0.2ms)
Completed 200 OK in 81ms (Views: 79.2ms | ActiveRecord: 0.0ms)


Started GET "/" for ::1 at 2019-04-17 20:08:15 +0900
Processing by ArticlesController#index as HTML
  Rendering articles/index.html within layouts/application
  Rendered articles/index.html within layouts/application (0.3ms)
Completed 200 OK in 49ms (Views: 47.2ms | ActiveRecord: 0.0ms)


Started GET "/" for ::1 at 2019-04-17 20:08:22 +0900
Processing by ArticlesController#index as HTML
  Rendering articles/index.html within layouts/application
  Rendered articles/index.html within layouts/application (0.2ms)
Completed 200 OK in 41ms (Views: 39.2ms | ActiveRecord: 0.0ms)


Started GET "/" for ::1 at 2019-04-17 20:08:31 +0900
Processing by ArticlesController#index as HTML
  Rendering articles/index.html within layouts/application
  Rendered articles/index.html within layouts/application (0.2ms)
Completed 200 OK in 43ms (Views: 41.0ms | ActiveRecord: 0.0ms)


Started GET "/" for ::1 at 2019-04-17 20:09:10 +0900
Processing by ArticlesController#index as HTML
  Rendering articles/index.html within layouts/application
  Rendered articles/index.html within layouts/application (0.2ms)
Completed 200 OK in 42ms (Views: 39.8ms | ActiveRecord: 0.0ms)


Started GET "/" for ::1 at 2019-04-17 20:09:18 +0900
Processing by ArticlesController#index as HTML
  Rendering articles/index.html within layouts/application
  Rendered articles/index.html within layouts/application (0.2ms)
Completed 200 OK in 43ms (Views: 41.0ms | ActiveRecord: 0.0ms)


Started GET "/" for ::1 at 2019-04-17 20:09:25 +0900
Processing by ArticlesController#index as HTML
  Rendering articles/index.html within layouts/application
  Rendered articles/index.html within layouts/application (0.2ms)
Completed 200 OK in 45ms (Views: 42.8ms | ActiveRecord: 0.0ms)


Started GET "/" for ::1 at 2019-04-17 20:09:41 +0900
Processing by ArticlesController#index as HTML
  Rendering articles/index.html within layouts/application
  Rendered articles/index.html within layouts/application (0.2ms)
Completed 200 OK in 45ms (Views: 43.1ms | ActiveRecord: 0.0ms)


Started GET "/" for ::1 at 2019-04-17 20:09:42 +0900
Processing by ArticlesController#index as HTML
  Rendering articles/index.html within layouts/application
  Rendered articles/index.html within layouts/application (0.2ms)
Completed 200 OK in 19ms (Views: 17.1ms | ActiveRecord: 0.0ms)


Started GET "/" for ::1 at 2019-04-17 20:10:31 +0900
Processing by ArticlesController#index as HTML
  Rendering articles/index.html within layouts/application
  Rendered articles/index.html within layouts/application (0.2ms)
Completed 200 OK in 47ms (Views: 44.0ms | ActiveRecord: 0.0ms)


Started GET "/" for ::1 at 2019-04-17 20:10:55 +0900
Processing by ArticlesController#index as HTML
  Rendering articles/index.html within layouts/application
  Rendered articles/index.html within layouts/application (0.2ms)
Completed 200 OK in 46ms (Views: 43.5ms | ActiveRecord: 0.0ms)


Started GET "/" for ::1 at 2019-04-17 20:11:07 +0900
Processing by ArticlesController#index as HTML
  Rendering articles/index.html within layouts/application
  Rendered articles/index.html within layouts/application (0.2ms)
Completed 200 OK in 48ms (Views: 45.9ms | ActiveRecord: 0.0ms)


Started GET "/" for ::1 at 2019-04-17 20:11:15 +0900
Processing by ArticlesController#index as HTML
  Rendering articles/index.html within layouts/application
  Rendered articles/index.html within layouts/application (0.2ms)
Completed 200 OK in 48ms (Views: 46.2ms | ActiveRecord: 0.0ms)


Started GET "/" for ::1 at 2019-04-17 20:15:29 +0900
Processing by ArticlesController#index as HTML
  Rendering articles/index.html within layouts/application
  Rendered articles/index.html within layouts/application (0.2ms)
Completed 200 OK in 44ms (Views: 41.9ms | ActiveRecord: 0.0ms)


Started GET "/images/horror-top.jpg" for ::1 at 2019-04-17 20:15:29 +0900
  
ActionController::RoutingError (No route matches [GET] "/images/horror-top.jpg"):
  
actionpack (5.2.3) lib/action_dispatch/middleware/debug_exceptions.rb:65:in `call'
web-console (3.7.0) lib/web_console/middleware.rb:135:in `call_app'
web-console (3.7.0) lib/web_console/middleware.rb:30:in `block in call'
web-console (3.7.0) lib/web_console/middleware.rb:20:in `catch'
web-console (3.7.0) lib/web_console/middleware.rb:20:in `call'
actionpack (5.2.3) lib/action_dispatch/middleware/show_exceptions.rb:33:in `call'
railties (5.2.3) lib/rails/rack/logger.rb:38:in `call_app'
railties (5.2.3) lib/rails/rack/logger.rb:26:in `block in call'
activesupport (5.2.3) lib/active_support/tagged_logging.rb:71:in `block in tagged'
activesupport (5.2.3) lib/active_support/tagged_logging.rb:28:in `tagged'
activesupport (5.2.3) lib/active_support/tagged_logging.rb:71:in `tagged'
railties (5.2.3) lib/rails/rack/logger.rb:26:in `call'
sprockets-rails (3.2.1) lib/sprockets/rails/quiet_assets.rb:13:in `call'
actionpack (5.2.3) lib/action_dispatch/middleware/remote_ip.rb:81:in `call'
actionpack (5.2.3) lib/action_dispatch/middleware/request_id.rb:27:in `call'
rack (2.0.7) lib/rack/method_override.rb:22:in `call'
rack (2.0.7) lib/rack/runtime.rb:22:in `call'
activesupport (5.2.3) lib/active_support/cache/strategy/local_cache_middleware.rb:29:in `call'
actionpack (5.2.3) lib/action_dispatch/middleware/executor.rb:14:in `call'
actionpack (5.2.3) lib/action_dispatch/middleware/static.rb:127:in `call'
rack (2.0.7) lib/rack/sendfile.rb:111:in `call'
railties (5.2.3) lib/rails/engine.rb:524:in `call'
puma (3.12.1) lib/puma/configuration.rb:227:in `call'
puma (3.12.1) lib/puma/server.rb:660:in `handle_request'
puma (3.12.1) lib/puma/server.rb:474:in `process_client'
puma (3.12.1) lib/puma/server.rb:334:in `block in run'
puma (3.12.1) lib/puma/thread_pool.rb:135:in `block in spawn_thread'
Started GET "/" for ::1 at 2019-04-17 20:16:12 +0900
Processing by ArticlesController#index as HTML
  Rendering articles/index.html within layouts/application
  Rendered articles/index.html within layouts/application (0.2ms)
Completed 200 OK in 19ms (Views: 17.1ms | ActiveRecord: 0.0ms)


Started GET "/images/horror-top.jpg" for ::1 at 2019-04-17 20:16:12 +0900
  
ActionController::RoutingError (No route matches [GET] "/images/horror-top.jpg"):
  
actionpack (5.2.3) lib/action_dispatch/middleware/debug_exceptions.rb:65:in `call'
web-console (3.7.0) lib/web_console/middleware.rb:135:in `call_app'
web-console (3.7.0) lib/web_console/middleware.rb:30:in `block in call'
web-console (3.7.0) lib/web_console/middleware.rb:20:in `catch'
web-console (3.7.0) lib/web_console/middleware.rb:20:in `call'
actionpack (5.2.3) lib/action_dispatch/middleware/show_exceptions.rb:33:in `call'
railties (5.2.3) lib/rails/rack/logger.rb:38:in `call_app'
railties (5.2.3) lib/rails/rack/logger.rb:26:in `block in call'
activesupport (5.2.3) lib/active_support/tagged_logging.rb:71:in `block in tagged'
activesupport (5.2.3) lib/active_support/tagged_logging.rb:28:in `tagged'
activesupport (5.2.3) lib/active_support/tagged_logging.rb:71:in `tagged'
railties (5.2.3) lib/rails/rack/logger.rb:26:in `call'
sprockets-rails (3.2.1) lib/sprockets/rails/quiet_assets.rb:13:in `call'
actionpack (5.2.3) lib/action_dispatch/middleware/remote_ip.rb:81:in `call'
actionpack (5.2.3) lib/action_dispatch/middleware/request_id.rb:27:in `call'
rack (2.0.7) lib/rack/method_override.rb:22:in `call'
rack (2.0.7) lib/rack/runtime.rb:22:in `call'
activesupport (5.2.3) lib/active_support/cache/strategy/local_cache_middleware.rb:29:in `call'
actionpack (5.2.3) lib/action_dispatch/middleware/executor.rb:14:in `call'
actionpack (5.2.3) lib/action_dispatch/middleware/static.rb:127:in `call'
rack (2.0.7) lib/rack/sendfile.rb:111:in `call'
railties (5.2.3) lib/rails/engine.rb:524:in `call'
puma (3.12.1) lib/puma/configuration.rb:227:in `call'
puma (3.12.1) lib/puma/server.rb:660:in `handle_request'
puma (3.12.1) lib/puma/server.rb:474:in `process_client'
puma (3.12.1) lib/puma/server.rb:334:in `block in run'
puma (3.12.1) lib/puma/thread_pool.rb:135:in `block in spawn_thread'
Started GET "/" for ::1 at 2019-04-17 20:16:13 +0900
Processing by ArticlesController#index as HTML
  Rendering articles/index.html within layouts/application
  Rendered articles/index.html within layouts/application (0.3ms)
Completed 200 OK in 19ms (Views: 17.0ms | ActiveRecord: 0.0ms)


Started GET "/images/horror-top.jpg" for ::1 at 2019-04-17 20:16:13 +0900
  
ActionController::RoutingError (No route matches [GET] "/images/horror-top.jpg"):
  
actionpack (5.2.3) lib/action_dispatch/middleware/debug_exceptions.rb:65:in `call'
web-console (3.7.0) lib/web_console/middleware.rb:135:in `call_app'
web-console (3.7.0) lib/web_console/middleware.rb:30:in `block in call'
web-console (3.7.0) lib/web_console/middleware.rb:20:in `catch'
web-console (3.7.0) lib/web_console/middleware.rb:20:in `call'
actionpack (5.2.3) lib/action_dispatch/middleware/show_exceptions.rb:33:in `call'
railties (5.2.3) lib/rails/rack/logger.rb:38:in `call_app'
railties (5.2.3) lib/rails/rack/logger.rb:26:in `block in call'
activesupport (5.2.3) lib/active_support/tagged_logging.rb:71:in `block in tagged'
activesupport (5.2.3) lib/active_support/tagged_logging.rb:28:in `tagged'
activesupport (5.2.3) lib/active_support/tagged_logging.rb:71:in `tagged'
railties (5.2.3) lib/rails/rack/logger.rb:26:in `call'
sprockets-rails (3.2.1) lib/sprockets/rails/quiet_assets.rb:13:in `call'
actionpack (5.2.3) lib/action_dispatch/middleware/remote_ip.rb:81:in `call'
actionpack (5.2.3) lib/action_dispatch/middleware/request_id.rb:27:in `call'
rack (2.0.7) lib/rack/method_override.rb:22:in `call'
rack (2.0.7) lib/rack/runtime.rb:22:in `call'
activesupport (5.2.3) lib/active_support/cache/strategy/local_cache_middleware.rb:29:in `call'
actionpack (5.2.3) lib/action_dispatch/middleware/executor.rb:14:in `call'
actionpack (5.2.3) lib/action_dispatch/middleware/static.rb:127:in `call'
rack (2.0.7) lib/rack/sendfile.rb:111:in `call'
railties (5.2.3) lib/rails/engine.rb:524:in `call'
puma (3.12.1) lib/puma/configuration.rb:227:in `call'
puma (3.12.1) lib/puma/server.rb:660:in `handle_request'
puma (3.12.1) lib/puma/server.rb:474:in `process_client'
puma (3.12.1) lib/puma/server.rb:334:in `block in run'
puma (3.12.1) lib/puma/thread_pool.rb:135:in `block in spawn_thread'
Started GET "/" for ::1 at 2019-04-17 20:18:08 +0900
Processing by ArticlesController#index as HTML
  Rendering articles/index.html within layouts/application
  Rendered articles/index.html within layouts/application (0.2ms)
Completed 200 OK in 20ms (Views: 17.7ms | ActiveRecord: 0.0ms)


Started GET "/" for ::1 at 2019-04-17 20:18:09 +0900
Processing by ArticlesController#index as HTML
  Rendering articles/index.html within layouts/application
  Rendered articles/index.html within layouts/application (0.2ms)
Completed 200 OK in 26ms (Views: 17.4ms | ActiveRecord: 0.0ms)


Started GET "/" for ::1 at 2019-04-17 20:18:09 +0900
Processing by ArticlesController#index as HTML
  Rendering articles/index.html within layouts/application
  Rendered articles/index.html within layouts/application (0.3ms)
Completed 200 OK in 19ms (Views: 16.9ms | ActiveRecord: 0.0ms)


Started GET "/" for ::1 at 2019-04-17 20:19:37 +0900
Processing by ArticlesController#index as HTML
  Rendering articles/index.html within layouts/application
  Rendered articles/index.html within layouts/application (0.2ms)
Completed 200 OK in 20ms (Views: 17.5ms | ActiveRecord: 0.0ms)


  
ActionController::RoutingError (No route matches [GET] "/assets/images/horror-top.jpg"):
  
actionpack (5.2.3) lib/action_dispatch/middleware/debug_exceptions.rb:65:in `call'
web-console (3.7.0) lib/web_console/middleware.rb:135:in `call_app'
web-console (3.7.0) lib/web_console/middleware.rb:30:in `block in call'
web-console (3.7.0) lib/web_console/middleware.rb:20:in `catch'
web-console (3.7.0) lib/web_console/middleware.rb:20:in `call'
actionpack (5.2.3) lib/action_dispatch/middleware/show_exceptions.rb:33:in `call'
railties (5.2.3) lib/rails/rack/logger.rb:38:in `call_app'
railties (5.2.3) lib/rails/rack/logger.rb:26:in `block in call'
activesupport (5.2.3) lib/active_support/tagged_logging.rb:71:in `block in tagged'
activesupport (5.2.3) lib/active_support/tagged_logging.rb:28:in `tagged'
activesupport (5.2.3) lib/active_support/tagged_logging.rb:71:in `tagged'
railties (5.2.3) lib/rails/rack/logger.rb:26:in `call'
sprockets-rails (3.2.1) lib/sprockets/rails/quiet_assets.rb:11:in `block in call'
activesupport (5.2.3) lib/active_support/logger_silence.rb:21:in `silence'
activesupport (5.2.3) lib/active_support/logger.rb:65:in `block (3 levels) in broadcast'
activesupport (5.2.3) lib/active_support/logger_silence.rb:21:in `silence'
activesupport (5.2.3) lib/active_support/logger.rb:63:in `block (2 levels) in broadcast'
sprockets-rails (3.2.1) lib/sprockets/rails/quiet_assets.rb:11:in `call'
actionpack (5.2.3) lib/action_dispatch/middleware/remote_ip.rb:81:in `call'
actionpack (5.2.3) lib/action_dispatch/middleware/request_id.rb:27:in `call'
rack (2.0.7) lib/rack/method_override.rb:22:in `call'
rack (2.0.7) lib/rack/runtime.rb:22:in `call'
activesupport (5.2.3) lib/active_support/cache/strategy/local_cache_middleware.rb:29:in `call'
actionpack (5.2.3) lib/action_dispatch/middleware/executor.rb:14:in `call'
actionpack (5.2.3) lib/action_dispatch/middleware/static.rb:127:in `call'
rack (2.0.7) lib/rack/sendfile.rb:111:in `call'
railties (5.2.3) lib/rails/engine.rb:524:in `call'
puma (3.12.1) lib/puma/configuration.rb:227:in `call'
puma (3.12.1) lib/puma/server.rb:660:in `handle_request'
puma (3.12.1) lib/puma/server.rb:474:in `process_client'
puma (3.12.1) lib/puma/server.rb:334:in `block in run'
puma (3.12.1) lib/puma/thread_pool.rb:135:in `block in spawn_thread'
Started GET "/" for ::1 at 2019-04-17 20:19:39 +0900
Processing by ArticlesController#index as HTML
  Rendering articles/index.html within layouts/application
  Rendered articles/index.html within layouts/application (0.3ms)
Completed 200 OK in 20ms (Views: 18.1ms | ActiveRecord: 0.0ms)


  
ActionController::RoutingError (No route matches [GET] "/assets/images/horror-top.jpg"):
  
actionpack (5.2.3) lib/action_dispatch/middleware/debug_exceptions.rb:65:in `call'
web-console (3.7.0) lib/web_console/middleware.rb:135:in `call_app'
web-console (3.7.0) lib/web_console/middleware.rb:30:in `block in call'
web-console (3.7.0) lib/web_console/middleware.rb:20:in `catch'
web-console (3.7.0) lib/web_console/middleware.rb:20:in `call'
actionpack (5.2.3) lib/action_dispatch/middleware/show_exceptions.rb:33:in `call'
railties (5.2.3) lib/rails/rack/logger.rb:38:in `call_app'
railties (5.2.3) lib/rails/rack/logger.rb:26:in `block in call'
activesupport (5.2.3) lib/active_support/tagged_logging.rb:71:in `block in tagged'
activesupport (5.2.3) lib/active_support/tagged_logging.rb:28:in `tagged'
activesupport (5.2.3) lib/active_support/tagged_logging.rb:71:in `tagged'
railties (5.2.3) lib/rails/rack/logger.rb:26:in `call'
sprockets-rails (3.2.1) lib/sprockets/rails/quiet_assets.rb:11:in `block in call'
activesupport (5.2.3) lib/active_support/logger_silence.rb:21:in `silence'
activesupport (5.2.3) lib/active_support/logger.rb:65:in `block (3 levels) in broadcast'
activesupport (5.2.3) lib/active_support/logger_silence.rb:21:in `silence'
activesupport (5.2.3) lib/active_support/logger.rb:63:in `block (2 levels) in broadcast'
sprockets-rails (3.2.1) lib/sprockets/rails/quiet_assets.rb:11:in `call'
actionpack (5.2.3) lib/action_dispatch/middleware/remote_ip.rb:81:in `call'
actionpack (5.2.3) lib/action_dispatch/middleware/request_id.rb:27:in `call'
rack (2.0.7) lib/rack/method_override.rb:22:in `call'
rack (2.0.7) lib/rack/runtime.rb:22:in `call'
activesupport (5.2.3) lib/active_support/cache/strategy/local_cache_middleware.rb:29:in `call'
actionpack (5.2.3) lib/action_dispatch/middleware/executor.rb:14:in `call'
actionpack (5.2.3) lib/action_dispatch/middleware/static.rb:127:in `call'
rack (2.0.7) lib/rack/sendfile.rb:111:in `call'
railties (5.2.3) lib/rails/engine.rb:524:in `call'
puma (3.12.1) lib/puma/configuration.rb:227:in `call'
puma (3.12.1) lib/puma/server.rb:660:in `handle_request'
puma (3.12.1) lib/puma/server.rb:474:in `process_client'
puma (3.12.1) lib/puma/server.rb:334:in `block in run'
puma (3.12.1) lib/puma/thread_pool.rb:135:in `block in spawn_thread'
Started GET "/" for ::1 at 2019-04-17 20:21:25 +0900
Processing by ArticlesController#index as HTML
  Rendering articles/index.html within layouts/application
  Rendered articles/index.html within layouts/application (0.2ms)
Completed 200 OK in 19ms (Views: 16.4ms | ActiveRecord: 0.0ms)


Started GET "/images/horror-top.jpg" for ::1 at 2019-04-17 20:21:25 +0900
  
ActionController::RoutingError (No route matches [GET] "/images/horror-top.jpg"):
  
actionpack (5.2.3) lib/action_dispatch/middleware/debug_exceptions.rb:65:in `call'
web-console (3.7.0) lib/web_console/middleware.rb:135:in `call_app'
web-console (3.7.0) lib/web_console/middleware.rb:30:in `block in call'
web-console (3.7.0) lib/web_console/middleware.rb:20:in `catch'
web-console (3.7.0) lib/web_console/middleware.rb:20:in `call'
actionpack (5.2.3) lib/action_dispatch/middleware/show_exceptions.rb:33:in `call'
railties (5.2.3) lib/rails/rack/logger.rb:38:in `call_app'
railties (5.2.3) lib/rails/rack/logger.rb:26:in `block in call'
activesupport (5.2.3) lib/active_support/tagged_logging.rb:71:in `block in tagged'
activesupport (5.2.3) lib/active_support/tagged_logging.rb:28:in `tagged'
activesupport (5.2.3) lib/active_support/tagged_logging.rb:71:in `tagged'
railties (5.2.3) lib/rails/rack/logger.rb:26:in `call'
sprockets-rails (3.2.1) lib/sprockets/rails/quiet_assets.rb:13:in `call'
actionpack (5.2.3) lib/action_dispatch/middleware/remote_ip.rb:81:in `call'
actionpack (5.2.3) lib/action_dispatch/middleware/request_id.rb:27:in `call'
rack (2.0.7) lib/rack/method_override.rb:22:in `call'
rack (2.0.7) lib/rack/runtime.rb:22:in `call'
activesupport (5.2.3) lib/active_support/cache/strategy/local_cache_middleware.rb:29:in `call'
actionpack (5.2.3) lib/action_dispatch/middleware/executor.rb:14:in `call'
actionpack (5.2.3) lib/action_dispatch/middleware/static.rb:127:in `call'
rack (2.0.7) lib/rack/sendfile.rb:111:in `call'
railties (5.2.3) lib/rails/engine.rb:524:in `call'
puma (3.12.1) lib/puma/configuration.rb:227:in `call'
puma (3.12.1) lib/puma/server.rb:660:in `handle_request'
puma (3.12.1) lib/puma/server.rb:474:in `process_client'
puma (3.12.1) lib/puma/server.rb:334:in `block in run'
puma (3.12.1) lib/puma/thread_pool.rb:135:in `block in spawn_thread'
Started GET "/" for ::1 at 2019-04-17 20:23:18 +0900
Processing by ArticlesController#index as HTML
  Rendering articles/index.html within layouts/application
  Rendered articles/index.html within layouts/application (0.2ms)
Completed 200 OK in 25ms (Views: 22.9ms | ActiveRecord: 0.0ms)


  
ActionController::RoutingError (No route matches [GET] "/assets/images/horror-top.jpg"):
  
actionpack (5.2.3) lib/action_dispatch/middleware/debug_exceptions.rb:65:in `call'
web-console (3.7.0) lib/web_console/middleware.rb:135:in `call_app'
web-console (3.7.0) lib/web_console/middleware.rb:30:in `block in call'
web-console (3.7.0) lib/web_console/middleware.rb:20:in `catch'
web-console (3.7.0) lib/web_console/middleware.rb:20:in `call'
actionpack (5.2.3) lib/action_dispatch/middleware/show_exceptions.rb:33:in `call'
railties (5.2.3) lib/rails/rack/logger.rb:38:in `call_app'
railties (5.2.3) lib/rails/rack/logger.rb:26:in `block in call'
activesupport (5.2.3) lib/active_support/tagged_logging.rb:71:in `block in tagged'
activesupport (5.2.3) lib/active_support/tagged_logging.rb:28:in `tagged'
activesupport (5.2.3) lib/active_support/tagged_logging.rb:71:in `tagged'
railties (5.2.3) lib/rails/rack/logger.rb:26:in `call'
sprockets-rails (3.2.1) lib/sprockets/rails/quiet_assets.rb:11:in `block in call'
activesupport (5.2.3) lib/active_support/logger_silence.rb:21:in `silence'
activesupport (5.2.3) lib/active_support/logger.rb:65:in `block (3 levels) in broadcast'
activesupport (5.2.3) lib/active_support/logger_silence.rb:21:in `silence'
activesupport (5.2.3) lib/active_support/logger.rb:63:in `block (2 levels) in broadcast'
sprockets-rails (3.2.1) lib/sprockets/rails/quiet_assets.rb:11:in `call'
actionpack (5.2.3) lib/action_dispatch/middleware/remote_ip.rb:81:in `call'
actionpack (5.2.3) lib/action_dispatch/middleware/request_id.rb:27:in `call'
rack (2.0.7) lib/rack/method_override.rb:22:in `call'
rack (2.0.7) lib/rack/runtime.rb:22:in `call'
activesupport (5.2.3) lib/active_support/cache/strategy/local_cache_middleware.rb:29:in `call'
actionpack (5.2.3) lib/action_dispatch/middleware/executor.rb:14:in `call'
actionpack (5.2.3) lib/action_dispatch/middleware/static.rb:127:in `call'
rack (2.0.7) lib/rack/sendfile.rb:111:in `call'
railties (5.2.3) lib/rails/engine.rb:524:in `call'
puma (3.12.1) lib/puma/configuration.rb:227:in `call'
puma (3.12.1) lib/puma/server.rb:660:in `handle_request'
puma (3.12.1) lib/puma/server.rb:474:in `process_client'
puma (3.12.1) lib/puma/server.rb:334:in `block in run'
puma (3.12.1) lib/puma/thread_pool.rb:135:in `block in spawn_thread'
Started GET "/" for ::1 at 2019-04-17 20:23:20 +0900
Processing by ArticlesController#index as HTML
  Rendering articles/index.html within layouts/application
  Rendered articles/index.html within layouts/application (0.3ms)
Completed 200 OK in 18ms (Views: 16.3ms | ActiveRecord: 0.0ms)


  
ActionController::RoutingError (No route matches [GET] "/assets/images/horror-top.jpg"):
  
actionpack (5.2.3) lib/action_dispatch/middleware/debug_exceptions.rb:65:in `call'
web-console (3.7.0) lib/web_console/middleware.rb:135:in `call_app'
web-console (3.7.0) lib/web_console/middleware.rb:30:in `block in call'
web-console (3.7.0) lib/web_console/middleware.rb:20:in `catch'
web-console (3.7.0) lib/web_console/middleware.rb:20:in `call'
actionpack (5.2.3) lib/action_dispatch/middleware/show_exceptions.rb:33:in `call'
railties (5.2.3) lib/rails/rack/logger.rb:38:in `call_app'
railties (5.2.3) lib/rails/rack/logger.rb:26:in `block in call'
activesupport (5.2.3) lib/active_support/tagged_logging.rb:71:in `block in tagged'
activesupport (5.2.3) lib/active_support/tagged_logging.rb:28:in `tagged'
activesupport (5.2.3) lib/active_support/tagged_logging.rb:71:in `tagged'
railties (5.2.3) lib/rails/rack/logger.rb:26:in `call'
sprockets-rails (3.2.1) lib/sprockets/rails/quiet_assets.rb:11:in `block in call'
activesupport (5.2.3) lib/active_support/logger_silence.rb:21:in `silence'
activesupport (5.2.3) lib/active_support/logger.rb:65:in `block (3 levels) in broadcast'
activesupport (5.2.3) lib/active_support/logger_silence.rb:21:in `silence'
activesupport (5.2.3) lib/active_support/logger.rb:63:in `block (2 levels) in broadcast'
sprockets-rails (3.2.1) lib/sprockets/rails/quiet_assets.rb:11:in `call'
actionpack (5.2.3) lib/action_dispatch/middleware/remote_ip.rb:81:in `call'
actionpack (5.2.3) lib/action_dispatch/middleware/request_id.rb:27:in `call'
rack (2.0.7) lib/rack/method_override.rb:22:in `call'
rack (2.0.7) lib/rack/runtime.rb:22:in `call'
activesupport (5.2.3) lib/active_support/cache/strategy/local_cache_middleware.rb:29:in `call'
actionpack (5.2.3) lib/action_dispatch/middleware/executor.rb:14:in `call'
actionpack (5.2.3) lib/action_dispatch/middleware/static.rb:127:in `call'
rack (2.0.7) lib/rack/sendfile.rb:111:in `call'
railties (5.2.3) lib/rails/engine.rb:524:in `call'
puma (3.12.1) lib/puma/configuration.rb:227:in `call'
puma (3.12.1) lib/puma/server.rb:660:in `handle_request'
puma (3.12.1) lib/puma/server.rb:474:in `process_client'
puma (3.12.1) lib/puma/server.rb:334:in `block in run'
puma (3.12.1) lib/puma/thread_pool.rb:135:in `block in spawn_thread'
Started GET "/" for ::1 at 2019-04-17 20:23:40 +0900
Processing by ArticlesController#index as HTML
  Rendering articles/index.html within layouts/application
  Rendered articles/index.html within layouts/application (0.2ms)
Completed 200 OK in 19ms (Views: 17.0ms | ActiveRecord: 0.0ms)


  
ActionController::RoutingError (No route matches [GET] "/assets/images/horror-top.jpg"):
  
actionpack (5.2.3) lib/action_dispatch/middleware/debug_exceptions.rb:65:in `call'
web-console (3.7.0) lib/web_console/middleware.rb:135:in `call_app'
web-console (3.7.0) lib/web_console/middleware.rb:30:in `block in call'
web-console (3.7.0) lib/web_console/middleware.rb:20:in `catch'
web-console (3.7.0) lib/web_console/middleware.rb:20:in `call'
actionpack (5.2.3) lib/action_dispatch/middleware/show_exceptions.rb:33:in `call'
railties (5.2.3) lib/rails/rack/logger.rb:38:in `call_app'
railties (5.2.3) lib/rails/rack/logger.rb:26:in `block in call'
activesupport (5.2.3) lib/active_support/tagged_logging.rb:71:in `block in tagged'
activesupport (5.2.3) lib/active_support/tagged_logging.rb:28:in `tagged'
activesupport (5.2.3) lib/active_support/tagged_logging.rb:71:in `tagged'
railties (5.2.3) lib/rails/rack/logger.rb:26:in `call'
sprockets-rails (3.2.1) lib/sprockets/rails/quiet_assets.rb:11:in `block in call'
activesupport (5.2.3) lib/active_support/logger_silence.rb:21:in `silence'
activesupport (5.2.3) lib/active_support/logger.rb:65:in `block (3 levels) in broadcast'
activesupport (5.2.3) lib/active_support/logger_silence.rb:21:in `silence'
activesupport (5.2.3) lib/active_support/logger.rb:63:in `block (2 levels) in broadcast'
sprockets-rails (3.2.1) lib/sprockets/rails/quiet_assets.rb:11:in `call'
actionpack (5.2.3) lib/action_dispatch/middleware/remote_ip.rb:81:in `call'
actionpack (5.2.3) lib/action_dispatch/middleware/request_id.rb:27:in `call'
rack (2.0.7) lib/rack/method_override.rb:22:in `call'
rack (2.0.7) lib/rack/runtime.rb:22:in `call'
activesupport (5.2.3) lib/active_support/cache/strategy/local_cache_middleware.rb:29:in `call'
actionpack (5.2.3) lib/action_dispatch/middleware/executor.rb:14:in `call'
actionpack (5.2.3) lib/action_dispatch/middleware/static.rb:127:in `call'
rack (2.0.7) lib/rack/sendfile.rb:111:in `call'
railties (5.2.3) lib/rails/engine.rb:524:in `call'
puma (3.12.1) lib/puma/configuration.rb:227:in `call'
puma (3.12.1) lib/puma/server.rb:660:in `handle_request'
puma (3.12.1) lib/puma/server.rb:474:in `process_client'
puma (3.12.1) lib/puma/server.rb:334:in `block in run'
puma (3.12.1) lib/puma/thread_pool.rb:135:in `block in spawn_thread'
Started GET "/" for ::1 at 2019-04-17 20:23:48 +0900
Processing by ArticlesController#index as HTML
  Rendering articles/index.html within layouts/application
  Rendered articles/index.html within layouts/application (0.3ms)
Completed 200 OK in 19ms (Views: 17.3ms | ActiveRecord: 0.0ms)


  
ActionController::RoutingError (No route matches [GET] "/assets/images/horror-top.jpg"):
  
actionpack (5.2.3) lib/action_dispatch/middleware/debug_exceptions.rb:65:in `call'
web-console (3.7.0) lib/web_console/middleware.rb:135:in `call_app'
web-console (3.7.0) lib/web_console/middleware.rb:30:in `block in call'
web-console (3.7.0) lib/web_console/middleware.rb:20:in `catch'
web-console (3.7.0) lib/web_console/middleware.rb:20:in `call'
actionpack (5.2.3) lib/action_dispatch/middleware/show_exceptions.rb:33:in `call'
railties (5.2.3) lib/rails/rack/logger.rb:38:in `call_app'
railties (5.2.3) lib/rails/rack/logger.rb:26:in `block in call'
activesupport (5.2.3) lib/active_support/tagged_logging.rb:71:in `block in tagged'
activesupport (5.2.3) lib/active_support/tagged_logging.rb:28:in `tagged'
activesupport (5.2.3) lib/active_support/tagged_logging.rb:71:in `tagged'
railties (5.2.3) lib/rails/rack/logger.rb:26:in `call'
sprockets-rails (3.2.1) lib/sprockets/rails/quiet_assets.rb:11:in `block in call'
activesupport (5.2.3) lib/active_support/logger_silence.rb:21:in `silence'
activesupport (5.2.3) lib/active_support/logger.rb:65:in `block (3 levels) in broadcast'
activesupport (5.2.3) lib/active_support/logger_silence.rb:21:in `silence'
activesupport (5.2.3) lib/active_support/logger.rb:63:in `block (2 levels) in broadcast'
sprockets-rails (3.2.1) lib/sprockets/rails/quiet_assets.rb:11:in `call'
actionpack (5.2.3) lib/action_dispatch/middleware/remote_ip.rb:81:in `call'
actionpack (5.2.3) lib/action_dispatch/middleware/request_id.rb:27:in `call'
rack (2.0.7) lib/rack/method_override.rb:22:in `call'
rack (2.0.7) lib/rack/runtime.rb:22:in `call'
activesupport (5.2.3) lib/active_support/cache/strategy/local_cache_middleware.rb:29:in `call'
actionpack (5.2.3) lib/action_dispatch/middleware/executor.rb:14:in `call'
actionpack (5.2.3) lib/action_dispatch/middleware/static.rb:127:in `call'
rack (2.0.7) lib/rack/sendfile.rb:111:in `call'
railties (5.2.3) lib/rails/engine.rb:524:in `call'
puma (3.12.1) lib/puma/configuration.rb:227:in `call'
puma (3.12.1) lib/puma/server.rb:660:in `handle_request'
puma (3.12.1) lib/puma/server.rb:474:in `process_client'
puma (3.12.1) lib/puma/server.rb:334:in `block in run'
puma (3.12.1) lib/puma/thread_pool.rb:135:in `block in spawn_thread'
Started GET "/" for ::1 at 2019-04-17 20:23:53 +0900
Processing by ArticlesController#index as HTML
  Rendering articles/index.html within layouts/application
  Rendered articles/index.html within layouts/application (0.2ms)
Completed 200 OK in 19ms (Views: 16.5ms | ActiveRecord: 0.0ms)


  
ActionController::RoutingError (No route matches [GET] "/assets/images/horror-top.jpg"):
  
actionpack (5.2.3) lib/action_dispatch/middleware/debug_exceptions.rb:65:in `call'
web-console (3.7.0) lib/web_console/middleware.rb:135:in `call_app'
web-console (3.7.0) lib/web_console/middleware.rb:30:in `block in call'
web-console (3.7.0) lib/web_console/middleware.rb:20:in `catch'
web-console (3.7.0) lib/web_console/middleware.rb:20:in `call'
actionpack (5.2.3) lib/action_dispatch/middleware/show_exceptions.rb:33:in `call'
railties (5.2.3) lib/rails/rack/logger.rb:38:in `call_app'
railties (5.2.3) lib/rails/rack/logger.rb:26:in `block in call'
activesupport (5.2.3) lib/active_support/tagged_logging.rb:71:in `block in tagged'
activesupport (5.2.3) lib/active_support/tagged_logging.rb:28:in `tagged'
activesupport (5.2.3) lib/active_support/tagged_logging.rb:71:in `tagged'
railties (5.2.3) lib/rails/rack/logger.rb:26:in `call'
sprockets-rails (3.2.1) lib/sprockets/rails/quiet_assets.rb:11:in `block in call'
activesupport (5.2.3) lib/active_support/logger_silence.rb:21:in `silence'
activesupport (5.2.3) lib/active_support/logger.rb:65:in `block (3 levels) in broadcast'
activesupport (5.2.3) lib/active_support/logger_silence.rb:21:in `silence'
activesupport (5.2.3) lib/active_support/logger.rb:63:in `block (2 levels) in broadcast'
sprockets-rails (3.2.1) lib/sprockets/rails/quiet_assets.rb:11:in `call'
actionpack (5.2.3) lib/action_dispatch/middleware/remote_ip.rb:81:in `call'
actionpack (5.2.3) lib/action_dispatch/middleware/request_id.rb:27:in `call'
rack (2.0.7) lib/rack/method_override.rb:22:in `call'
rack (2.0.7) lib/rack/runtime.rb:22:in `call'
activesupport (5.2.3) lib/active_support/cache/strategy/local_cache_middleware.rb:29:in `call'
actionpack (5.2.3) lib/action_dispatch/middleware/executor.rb:14:in `call'
actionpack (5.2.3) lib/action_dispatch/middleware/static.rb:127:in `call'
rack (2.0.7) lib/rack/sendfile.rb:111:in `call'
railties (5.2.3) lib/rails/engine.rb:524:in `call'
puma (3.12.1) lib/puma/configuration.rb:227:in `call'
puma (3.12.1) lib/puma/server.rb:660:in `handle_request'
puma (3.12.1) lib/puma/server.rb:474:in `process_client'
puma (3.12.1) lib/puma/server.rb:334:in `block in run'
puma (3.12.1) lib/puma/thread_pool.rb:135:in `block in spawn_thread'
Started GET "/" for ::1 at 2019-04-17 20:24:01 +0900
Processing by ArticlesController#index as HTML
  Rendering articles/index.html within layouts/application
  Rendered articles/index.html within layouts/application (0.2ms)
Completed 200 OK in 18ms (Views: 16.3ms | ActiveRecord: 0.0ms)


  
ActionController::RoutingError (No route matches [GET] "/assets/images/horror-top.jpg"):
  
actionpack (5.2.3) lib/action_dispatch/middleware/debug_exceptions.rb:65:in `call'
web-console (3.7.0) lib/web_console/middleware.rb:135:in `call_app'
web-console (3.7.0) lib/web_console/middleware.rb:30:in `block in call'
web-console (3.7.0) lib/web_console/middleware.rb:20:in `catch'
web-console (3.7.0) lib/web_console/middleware.rb:20:in `call'
actionpack (5.2.3) lib/action_dispatch/middleware/show_exceptions.rb:33:in `call'
railties (5.2.3) lib/rails/rack/logger.rb:38:in `call_app'
railties (5.2.3) lib/rails/rack/logger.rb:26:in `block in call'
activesupport (5.2.3) lib/active_support/tagged_logging.rb:71:in `block in tagged'
activesupport (5.2.3) lib/active_support/tagged_logging.rb:28:in `tagged'
activesupport (5.2.3) lib/active_support/tagged_logging.rb:71:in `tagged'
railties (5.2.3) lib/rails/rack/logger.rb:26:in `call'
sprockets-rails (3.2.1) lib/sprockets/rails/quiet_assets.rb:11:in `block in call'
activesupport (5.2.3) lib/active_support/logger_silence.rb:21:in `silence'
activesupport (5.2.3) lib/active_support/logger.rb:65:in `block (3 levels) in broadcast'
activesupport (5.2.3) lib/active_support/logger_silence.rb:21:in `silence'
activesupport (5.2.3) lib/active_support/logger.rb:63:in `block (2 levels) in broadcast'
sprockets-rails (3.2.1) lib/sprockets/rails/quiet_assets.rb:11:in `call'
actionpack (5.2.3) lib/action_dispatch/middleware/remote_ip.rb:81:in `call'
actionpack (5.2.3) lib/action_dispatch/middleware/request_id.rb:27:in `call'
rack (2.0.7) lib/rack/method_override.rb:22:in `call'
rack (2.0.7) lib/rack/runtime.rb:22:in `call'
activesupport (5.2.3) lib/active_support/cache/strategy/local_cache_middleware.rb:29:in `call'
actionpack (5.2.3) lib/action_dispatch/middleware/executor.rb:14:in `call'
actionpack (5.2.3) lib/action_dispatch/middleware/static.rb:127:in `call'
rack (2.0.7) lib/rack/sendfile.rb:111:in `call'
railties (5.2.3) lib/rails/engine.rb:524:in `call'
puma (3.12.1) lib/puma/configuration.rb:227:in `call'
puma (3.12.1) lib/puma/server.rb:660:in `handle_request'
puma (3.12.1) lib/puma/server.rb:474:in `process_client'
puma (3.12.1) lib/puma/server.rb:334:in `block in run'
puma (3.12.1) lib/puma/thread_pool.rb:135:in `block in spawn_thread'
Started GET "/" for ::1 at 2019-04-17 20:24:07 +0900
Processing by ArticlesController#index as HTML
  Rendering articles/index.html within layouts/application
  Rendered articles/index.html within layouts/application (0.2ms)
Completed 200 OK in 19ms (Views: 17.2ms | ActiveRecord: 0.0ms)


  
ActionController::RoutingError (No route matches [GET] "/assets/images/horror-top.jpg"):
  
actionpack (5.2.3) lib/action_dispatch/middleware/debug_exceptions.rb:65:in `call'
web-console (3.7.0) lib/web_console/middleware.rb:135:in `call_app'
web-console (3.7.0) lib/web_console/middleware.rb:30:in `block in call'
web-console (3.7.0) lib/web_console/middleware.rb:20:in `catch'
web-console (3.7.0) lib/web_console/middleware.rb:20:in `call'
actionpack (5.2.3) lib/action_dispatch/middleware/show_exceptions.rb:33:in `call'
railties (5.2.3) lib/rails/rack/logger.rb:38:in `call_app'
railties (5.2.3) lib/rails/rack/logger.rb:26:in `block in call'
activesupport (5.2.3) lib/active_support/tagged_logging.rb:71:in `block in tagged'
activesupport (5.2.3) lib/active_support/tagged_logging.rb:28:in `tagged'
activesupport (5.2.3) lib/active_support/tagged_logging.rb:71:in `tagged'
railties (5.2.3) lib/rails/rack/logger.rb:26:in `call'
sprockets-rails (3.2.1) lib/sprockets/rails/quiet_assets.rb:11:in `block in call'
activesupport (5.2.3) lib/active_support/logger_silence.rb:21:in `silence'
activesupport (5.2.3) lib/active_support/logger.rb:65:in `block (3 levels) in broadcast'
activesupport (5.2.3) lib/active_support/logger_silence.rb:21:in `silence'
activesupport (5.2.3) lib/active_support/logger.rb:63:in `block (2 levels) in broadcast'
sprockets-rails (3.2.1) lib/sprockets/rails/quiet_assets.rb:11:in `call'
actionpack (5.2.3) lib/action_dispatch/middleware/remote_ip.rb:81:in `call'
actionpack (5.2.3) lib/action_dispatch/middleware/request_id.rb:27:in `call'
rack (2.0.7) lib/rack/method_override.rb:22:in `call'
rack (2.0.7) lib/rack/runtime.rb:22:in `call'
activesupport (5.2.3) lib/active_support/cache/strategy/local_cache_middleware.rb:29:in `call'
actionpack (5.2.3) lib/action_dispatch/middleware/executor.rb:14:in `call'
actionpack (5.2.3) lib/action_dispatch/middleware/static.rb:127:in `call'
rack (2.0.7) lib/rack/sendfile.rb:111:in `call'
railties (5.2.3) lib/rails/engine.rb:524:in `call'
puma (3.12.1) lib/puma/configuration.rb:227:in `call'
puma (3.12.1) lib/puma/server.rb:660:in `handle_request'
puma (3.12.1) lib/puma/server.rb:474:in `process_client'
puma (3.12.1) lib/puma/server.rb:334:in `block in run'
puma (3.12.1) lib/puma/thread_pool.rb:135:in `block in spawn_thread'
Started GET "/" for ::1 at 2019-04-17 20:24:58 +0900
Processing by ArticlesController#index as HTML
  Rendering articles/index.html within layouts/application
  Rendered articles/index.html within layouts/application (0.2ms)
Completed 200 OK in 19ms (Views: 16.9ms | ActiveRecord: 0.0ms)


Started GET "/" for ::1 at 2019-04-17 20:26:25 +0900
Processing by ArticlesController#index as HTML
  Rendering articles/index.html within layouts/application
  Rendered articles/index.html within layouts/application (0.3ms)
Completed 200 OK in 54ms (Views: 52.4ms | ActiveRecord: 0.0ms)


Started GET "/" for ::1 at 2019-04-17 20:26:26 +0900
Processing by ArticlesController#index as HTML
  Rendering articles/index.html within layouts/application
  Rendered articles/index.html within layouts/application (0.2ms)
Completed 200 OK in 19ms (Views: 16.3ms | ActiveRecord: 0.0ms)


Started GET "/" for ::1 at 2019-04-17 20:27:01 +0900
Processing by ArticlesController#index as HTML
  Rendering articles/index.html within layouts/application
  Rendered articles/index.html within layouts/application (0.2ms)
Completed 200 OK in 19ms (Views: 17.2ms | ActiveRecord: 0.0ms)


Started GET "/" for ::1 at 2019-04-17 20:28:00 +0900
Processing by ArticlesController#index as HTML
  Rendering articles/index.html within layouts/application
  Rendered articles/index.html within layouts/application (0.3ms)
Completed 200 OK in 45ms (Views: 43.4ms | ActiveRecord: 0.0ms)


Started GET "/" for ::1 at 2019-04-17 20:28:08 +0900
Processing by ArticlesController#index as HTML
  Rendering articles/index.html within layouts/application
  Rendered articles/index.html within layouts/application (0.2ms)
Completed 200 OK in 46ms (Views: 43.2ms | ActiveRecord: 0.0ms)


Started GET "/" for ::1 at 2019-04-17 20:30:26 +0900
Processing by ArticlesController#index as HTML
  Rendering articles/index.html within layouts/application
  Rendered articles/index.html within layouts/application (0.2ms)
Completed 200 OK in 53ms (Views: 50.5ms | ActiveRecord: 0.0ms)


Started GET "/" for ::1 at 2019-04-17 20:30:51 +0900
Processing by ArticlesController#index as HTML
  Rendering articles/index.html within layouts/application
  Rendered articles/index.html within layouts/application (0.3ms)
Completed 200 OK in 48ms (Views: 45.6ms | ActiveRecord: 0.0ms)


Started GET "/" for ::1 at 2019-04-17 20:32:06 +0900
Processing by ArticlesController#index as HTML
  Rendering articles/index.html within layouts/application
  Rendered articles/index.html within layouts/application (0.2ms)
Completed 200 OK in 47ms (Views: 44.8ms | ActiveRecord: 0.0ms)


Started GET "/" for ::1 at 2019-04-17 20:34:16 +0900
Processing by ArticlesController#index as HTML
  Rendering articles/index.html within layouts/application
  Rendered articles/index.html within layouts/application (0.2ms)
Completed 200 OK in 47ms (Views: 45.2ms | ActiveRecord: 0.0ms)


Started GET "/" for ::1 at 2019-04-17 20:34:24 +0900
Processing by ArticlesController#index as HTML
  Rendering articles/index.html within layouts/application
  Rendered articles/index.html within layouts/application (0.2ms)
Completed 200 OK in 20ms (Views: 18.2ms | ActiveRecord: 0.0ms)


Started GET "/" for ::1 at 2019-04-17 20:37:12 +0900
Processing by ArticlesController#index as HTML
  Rendering articles/index.html within layouts/application
  Rendered articles/index.html within layouts/application (0.2ms)
Completed 200 OK in 51ms (Views: 48.9ms | ActiveRecord: 0.0ms)


Started GET "/" for ::1 at 2019-04-17 20:37:44 +0900
Processing by ArticlesController#index as HTML
  Rendering articles/index.html within layouts/application
  Rendered articles/index.html within layouts/application (0.3ms)
Completed 200 OK in 62ms (Views: 59.2ms | ActiveRecord: 0.0ms)


Started GET "/" for ::1 at 2019-04-17 20:38:16 +0900
Processing by ArticlesController#index as HTML
  Rendering articles/index.html within layouts/application
  Rendered articles/index.html within layouts/application (0.2ms)
Completed 200 OK in 47ms (Views: 44.6ms | ActiveRecord: 0.0ms)


Started GET "/" for ::1 at 2019-04-17 20:38:28 +0900
Processing by ArticlesController#index as HTML
  Rendering articles/index.html within layouts/application
  Rendered articles/index.html within layouts/application (0.2ms)
Completed 200 OK in 46ms (Views: 43.7ms | ActiveRecord: 0.0ms)


Started GET "/" for ::1 at 2019-04-17 20:38:56 +0900
Processing by ArticlesController#index as HTML
  Rendering articles/index.html within layouts/application
  Rendered articles/index.html within layouts/application (0.2ms)
Completed 200 OK in 46ms (Views: 43.4ms | ActiveRecord: 0.0ms)


Started GET "/" for ::1 at 2019-04-17 20:39:12 +0900
Processing by ArticlesController#index as HTML
  Rendering articles/index.html within layouts/application
  Rendered articles/index.html within layouts/application (0.2ms)
Completed 200 OK in 48ms (Views: 45.6ms | ActiveRecord: 0.0ms)


Started GET "/" for ::1 at 2019-04-17 20:39:17 +0900
Processing by ArticlesController#index as HTML
  Rendering articles/index.html within layouts/application
  Rendered articles/index.html within layouts/application (0.2ms)
Completed 200 OK in 52ms (Views: 49.9ms | ActiveRecord: 0.0ms)


Started GET "/" for ::1 at 2019-04-17 20:39:21 +0900
Processing by ArticlesController#index as HTML
  Rendering articles/index.html within layouts/application
  Rendered articles/index.html within layouts/application (0.2ms)
Completed 200 OK in 45ms (Views: 42.6ms | ActiveRecord: 0.0ms)


Started GET "/" for ::1 at 2019-04-17 20:39:36 +0900
Processing by ArticlesController#index as HTML
  Rendering articles/index.html within layouts/application
  Rendered articles/index.html within layouts/application (0.2ms)
Completed 200 OK in 46ms (Views: 43.5ms | ActiveRecord: 0.0ms)


Started GET "/" for ::1 at 2019-04-17 20:39:45 +0900
Processing by ArticlesController#index as HTML
  Rendering articles/index.html within layouts/application
  Rendered articles/index.html within layouts/application (0.2ms)
Completed 200 OK in 48ms (Views: 46.0ms | ActiveRecord: 0.0ms)


Started GET "/" for ::1 at 2019-04-17 20:40:12 +0900
Processing by ArticlesController#index as HTML
  Rendering articles/index.html within layouts/application
  Rendered articles/index.html within layouts/application (0.2ms)
Completed 200 OK in 50ms (Views: 47.9ms | ActiveRecord: 0.0ms)


Started GET "/" for ::1 at 2019-04-17 20:42:47 +0900
Processing by ArticlesController#index as HTML
  Rendering articles/index.html within layouts/application
  Rendered articles/index.html within layouts/application (1.7ms)
Completed 200 OK in 21ms (Views: 18.1ms | ActiveRecord: 0.0ms)


Started GET "/" for ::1 at 2019-04-17 20:44:42 +0900
Processing by ArticlesController#index as HTML
  Rendering articles/index.html within layouts/application
  Rendered articles/index.html within layouts/application (0.3ms)
Completed 200 OK in 19ms (Views: 16.9ms | ActiveRecord: 0.0ms)


Started GET "/" for ::1 at 2019-04-17 20:47:58 +0900
Processing by ArticlesController#index as HTML
  Rendering articles/index.html within layouts/application
  Rendered articles/index.html within layouts/application (0.2ms)
Completed 200 OK in 25ms (Views: 22.9ms | ActiveRecord: 0.0ms)


Started GET "/" for ::1 at 2019-04-17 20:48:05 +0900
Processing by ArticlesController#index as HTML
  Rendering articles/index.html within layouts/application
  Rendered articles/index.html within layouts/application (0.2ms)
Completed 200 OK in 19ms (Views: 16.5ms | ActiveRecord: 0.0ms)


Started GET "/" for ::1 at 2019-04-17 20:48:12 +0900
Processing by ArticlesController#index as HTML
  Rendering articles/index.html within layouts/application
  Rendered articles/index.html within layouts/application (0.2ms)
Completed 200 OK in 21ms (Views: 18.4ms | ActiveRecord: 0.0ms)


Started GET "/" for ::1 at 2019-04-17 20:50:16 +0900
Processing by ArticlesController#index as HTML
  Rendering articles/index.html within layouts/application
  Rendered articles/index.html within layouts/application (0.3ms)
Completed 200 OK in 49ms (Views: 47.2ms | ActiveRecord: 0.0ms)


Started GET "/" for ::1 at 2019-04-17 20:51:52 +0900
Processing by ArticlesController#index as HTML
  Rendering articles/index.html within layouts/application
  Rendered articles/index.html within layouts/application (0.3ms)
Completed 200 OK in 53ms (Views: 50.3ms | ActiveRecord: 0.0ms)


Started GET "/" for ::1 at 2019-04-17 20:52:08 +0900
Processing by ArticlesController#index as HTML
  Rendering articles/index.html within layouts/application
  Rendered articles/index.html within layouts/application (0.3ms)
Completed 200 OK in 57ms (Views: 54.4ms | ActiveRecord: 0.0ms)


Started GET "/" for ::1 at 2019-04-17 20:52:26 +0900
Processing by ArticlesController#index as HTML
  Rendering articles/index.html within layouts/application
  Rendered articles/index.html within layouts/application (0.3ms)
Completed 200 OK in 57ms (Views: 54.7ms | ActiveRecord: 0.0ms)


Started GET "/" for ::1 at 2019-04-17 20:52:56 +0900
Processing by ArticlesController#index as HTML
  Rendering articles/index.html within layouts/application
  Rendered articles/index.html within layouts/application (0.3ms)
Completed 200 OK in 50ms (Views: 47.9ms | ActiveRecord: 0.0ms)


Started GET "/" for ::1 at 2019-04-17 20:53:08 +0900
Processing by ArticlesController#index as HTML
  Rendering articles/index.html within layouts/application
  Rendered articles/index.html within layouts/application (0.2ms)
Completed 200 OK in 51ms (Views: 48.7ms | ActiveRecord: 0.0ms)


Started GET "/" for ::1 at 2019-04-17 20:53:18 +0900
Processing by ArticlesController#index as HTML
  Rendering articles/index.html within layouts/application
  Rendered articles/index.html within layouts/application (0.3ms)
Completed 200 OK in 59ms (Views: 57.0ms | ActiveRecord: 0.0ms)


Started GET "/" for ::1 at 2019-04-17 20:53:45 +0900
Processing by ArticlesController#index as HTML
  Rendering articles/index.html within layouts/application
  Rendered articles/index.html within layouts/application (0.3ms)
Completed 200 OK in 52ms (Views: 49.6ms | ActiveRecord: 0.0ms)


Started GET "/" for ::1 at 2019-04-17 20:53:53 +0900
Processing by ArticlesController#index as HTML
  Rendering articles/index.html within layouts/application
  Rendered articles/index.html within layouts/application (0.2ms)
Completed 200 OK in 53ms (Views: 50.6ms | ActiveRecord: 0.0ms)


Started GET "/" for ::1 at 2019-04-17 20:54:14 +0900
Processing by ArticlesController#index as HTML
  Rendering articles/index.html within layouts/application
  Rendered articles/index.html within layouts/application (0.3ms)
Completed 200 OK in 51ms (Views: 48.6ms | ActiveRecord: 0.0ms)


Started GET "/" for ::1 at 2019-04-17 20:54:47 +0900
Processing by ArticlesController#index as HTML
  Rendering articles/index.html within layouts/application
  Rendered articles/index.html within layouts/application (0.3ms)
Completed 200 OK in 52ms (Views: 50.1ms | ActiveRecord: 0.0ms)


Started GET "/" for ::1 at 2019-04-17 20:55:00 +0900
Processing by ArticlesController#index as HTML
  Rendering articles/index.html within layouts/application
  Rendered articles/index.html within layouts/application (0.2ms)
Completed 200 OK in 52ms (Views: 49.6ms | ActiveRecord: 0.0ms)


Started GET "/" for ::1 at 2019-04-17 20:56:34 +0900
Processing by ArticlesController#index as HTML
  Rendering articles/index.html within layouts/application
  Rendered articles/index.html within layouts/application (0.3ms)
Completed 200 OK in 53ms (Views: 50.9ms | ActiveRecord: 0.0ms)


Started GET "/" for ::1 at 2019-04-17 20:56:40 +0900
Processing by ArticlesController#index as HTML
  Rendering articles/index.html within layouts/application
  Rendered articles/index.html within layouts/application (0.3ms)
Completed 200 OK in 52ms (Views: 49.9ms | ActiveRecord: 0.0ms)


Started GET "/" for ::1 at 2019-04-17 20:57:04 +0900
Processing by ArticlesController#index as HTML
  Rendering articles/index.html within layouts/application
  Rendered articles/index.html within layouts/application (0.2ms)
Completed 200 OK in 57ms (Views: 55.3ms | ActiveRecord: 0.0ms)


Started GET "/" for ::1 at 2019-04-17 20:57:10 +0900
Processing by ArticlesController#index as HTML
  Rendering articles/index.html within layouts/application
  Rendered articles/index.html within layouts/application (0.3ms)
Completed 200 OK in 61ms (Views: 58.7ms | ActiveRecord: 0.0ms)


Started GET "/" for ::1 at 2019-04-17 20:57:26 +0900
Processing by ArticlesController#index as HTML
  Rendering articles/index.html within layouts/application
  Rendered articles/index.html within layouts/application (0.3ms)
Completed 200 OK in 53ms (Views: 50.8ms | ActiveRecord: 0.0ms)


Started GET "/" for ::1 at 2019-04-17 20:57:31 +0900
Processing by ArticlesController#index as HTML
  Rendering articles/index.html within layouts/application
  Rendered articles/index.html within layouts/application (0.3ms)
Completed 200 OK in 58ms (Views: 55.6ms | ActiveRecord: 0.0ms)


Started GET "/" for ::1 at 2019-04-17 20:57:53 +0900
Processing by ArticlesController#index as HTML
  Rendering articles/index.html within layouts/application
  Rendered articles/index.html within layouts/application (0.3ms)
Completed 200 OK in 58ms (Views: 56.1ms | ActiveRecord: 0.0ms)


Started GET "/" for ::1 at 2019-04-17 20:58:09 +0900
Processing by ArticlesController#index as HTML
  Rendering articles/index.html within layouts/application
  Rendered articles/index.html within layouts/application (0.3ms)
Completed 200 OK in 65ms (Views: 62.7ms | ActiveRecord: 0.0ms)


Started GET "/" for ::1 at 2019-04-17 20:58:30 +0900
Processing by ArticlesController#index as HTML
  Rendering articles/index.html within layouts/application
  Rendered articles/index.html within layouts/application (0.2ms)
Completed 200 OK in 61ms (Views: 59.2ms | ActiveRecord: 0.0ms)


Started GET "/" for ::1 at 2019-04-17 20:58:41 +0900
Processing by ArticlesController#index as HTML
  Rendering articles/index.html within layouts/application
  Rendered articles/index.html within layouts/application (0.3ms)
Completed 200 OK in 71ms (Views: 69.1ms | ActiveRecord: 0.0ms)


Started GET "/" for ::1 at 2019-04-17 20:58:52 +0900
Processing by ArticlesController#index as HTML
  Rendering articles/index.html within layouts/application
  Rendered articles/index.html within layouts/application (0.2ms)
Completed 200 OK in 65ms (Views: 63.1ms | ActiveRecord: 0.0ms)


Started GET "/" for ::1 at 2019-04-17 20:58:53 +0900
Processing by ArticlesController#index as HTML
  Rendering articles/index.html within layouts/application
  Rendered articles/index.html within layouts/application (0.3ms)
Completed 200 OK in 30ms (Views: 27.8ms | ActiveRecord: 0.0ms)


Started GET "/" for ::1 at 2019-04-17 20:59:04 +0900
Processing by ArticlesController#index as HTML
  Rendering articles/index.html within layouts/application
  Rendered articles/index.html within layouts/application (0.2ms)
Completed 200 OK in 58ms (Views: 55.6ms | ActiveRecord: 0.0ms)


Started GET "/" for ::1 at 2019-04-17 20:59:06 +0900
Processing by ArticlesController#index as HTML
  Rendering articles/index.html within layouts/application
  Rendered articles/index.html within layouts/application (0.3ms)
Completed 200 OK in 19ms (Views: 16.9ms | ActiveRecord: 0.0ms)


Started GET "/" for ::1 at 2019-04-17 20:59:18 +0900
Processing by ArticlesController#index as HTML
  Rendering articles/index.html within layouts/application
  Rendered articles/index.html within layouts/application (0.2ms)
Completed 200 OK in 63ms (Views: 60.4ms | ActiveRecord: 0.0ms)


Started GET "/" for ::1 at 2019-04-17 20:59:19 +0900
Processing by ArticlesController#index as HTML
  Rendering articles/index.html within layouts/application
  Rendered articles/index.html within layouts/application (0.3ms)
Completed 200 OK in 19ms (Views: 17.0ms | ActiveRecord: 0.0ms)


Started GET "/" for ::1 at 2019-04-17 20:59:19 +0900
Processing by ArticlesController#index as HTML
  Rendering articles/index.html within layouts/application
  Rendered articles/index.html within layouts/application (0.2ms)
Completed 200 OK in 20ms (Views: 17.5ms | ActiveRecord: 0.0ms)


Started GET "/" for ::1 at 2019-04-17 20:59:41 +0900
Processing by ArticlesController#index as HTML
  Rendering articles/index.html within layouts/application
  Rendered articles/index.html within layouts/application (0.3ms)
Completed 200 OK in 21ms (Views: 18.8ms | ActiveRecord: 0.0ms)


Started GET "/" for ::1 at 2019-04-17 20:59:49 +0900
Processing by ArticlesController#index as HTML
  Rendering articles/index.html within layouts/application
  Rendered articles/index.html within layouts/application (0.3ms)
Completed 200 OK in 61ms (Views: 58.9ms | ActiveRecord: 0.0ms)


Started GET "/" for ::1 at 2019-04-17 20:59:55 +0900
Processing by ArticlesController#index as HTML
  Rendering articles/index.html within layouts/application
  Rendered articles/index.html within layouts/application (0.2ms)
Completed 200 OK in 54ms (Views: 52.3ms | ActiveRecord: 0.0ms)


Started GET "/" for ::1 at 2019-04-17 21:00:00 +0900
Processing by ArticlesController#index as HTML
  Rendering articles/index.html within layouts/application
  Rendered articles/index.html within layouts/application (0.2ms)
Completed 200 OK in 54ms (Views: 51.3ms | ActiveRecord: 0.0ms)


Started GET "/" for ::1 at 2019-04-17 21:00:06 +0900
Processing by ArticlesController#index as HTML
  Rendering articles/index.html within layouts/application
  Rendered articles/index.html within layouts/application (0.3ms)
Completed 200 OK in 56ms (Views: 53.6ms | ActiveRecord: 0.0ms)


Started GET "/" for ::1 at 2019-04-17 21:00:10 +0900
Processing by ArticlesController#index as HTML
  Rendering articles/index.html within layouts/application
  Rendered articles/index.html within layouts/application (0.3ms)
Completed 200 OK in 61ms (Views: 59.0ms | ActiveRecord: 0.0ms)


Started GET "/" for ::1 at 2019-04-17 21:00:22 +0900
Processing by ArticlesController#index as HTML
  Rendering articles/index.html within layouts/application
  Rendered articles/index.html within layouts/application (0.3ms)
Completed 200 OK in 55ms (Views: 53.2ms | ActiveRecord: 0.0ms)


Started GET "/" for ::1 at 2019-04-17 21:00:40 +0900
Processing by ArticlesController#index as HTML
  Rendering articles/index.html within layouts/application
  Rendered articles/index.html within layouts/application (0.3ms)
Completed 200 OK in 54ms (Views: 51.6ms | ActiveRecord: 0.0ms)


Started GET "/" for ::1 at 2019-04-17 21:00:41 +0900
Processing by ArticlesController#index as HTML
  Rendering articles/index.html within layouts/application
  Rendered articles/index.html within layouts/application (0.3ms)
Completed 200 OK in 19ms (Views: 16.9ms | ActiveRecord: 0.0ms)


Started GET "/" for ::1 at 2019-04-17 21:01:24 +0900
Processing by ArticlesController#index as HTML
  Rendering articles/index.html within layouts/application
  Rendered articles/index.html within layouts/application (0.3ms)
Completed 200 OK in 54ms (Views: 51.7ms | ActiveRecord: 0.0ms)


Started GET "/" for ::1 at 2019-04-17 21:01:25 +0900
Processing by ArticlesController#index as HTML
  Rendering articles/index.html within layouts/application
  Rendered articles/index.html within layouts/application (0.3ms)
Completed 200 OK in 24ms (Views: 22.0ms | ActiveRecord: 0.0ms)


Started GET "/" for ::1 at 2019-04-17 21:02:02 +0900
Processing by ArticlesController#index as HTML
  Rendering articles/index.html within layouts/application
  Rendered articles/index.html within layouts/application (0.2ms)
Completed 200 OK in 54ms (Views: 52.1ms | ActiveRecord: 0.0ms)


Started GET "/" for ::1 at 2019-04-17 21:02:03 +0900
Processing by ArticlesController#index as HTML
  Rendering articles/index.html within layouts/application
  Rendered articles/index.html within layouts/application (0.3ms)
Completed 200 OK in 19ms (Views: 16.7ms | ActiveRecord: 0.0ms)


Started GET "/" for ::1 at 2019-04-17 21:02:10 +0900
Processing by ArticlesController#index as HTML
  Rendering articles/index.html within layouts/application
  Rendered articles/index.html within layouts/application (0.3ms)
Completed 200 OK in 19ms (Views: 16.5ms | ActiveRecord: 0.0ms)


Started GET "/" for ::1 at 2019-04-17 21:02:50 +0900
Processing by ArticlesController#index as HTML
  Rendering articles/index.html within layouts/application
  Rendered articles/index.html within layouts/application (0.2ms)
Completed 200 OK in 56ms (Views: 54.0ms | ActiveRecord: 0.0ms)


Started GET "/" for ::1 at 2019-04-17 21:02:58 +0900
Processing by ArticlesController#index as HTML
  Rendering articles/index.html within layouts/application
  Rendered articles/index.html within layouts/application (0.3ms)
Completed 200 OK in 55ms (Views: 53.4ms | ActiveRecord: 0.0ms)


Started GET "/" for ::1 at 2019-04-17 21:03:04 +0900
Processing by ArticlesController#index as HTML
  Rendering articles/index.html within layouts/application
  Rendered articles/index.html within layouts/application (0.3ms)
Completed 200 OK in 59ms (Views: 57.1ms | ActiveRecord: 0.0ms)


Started GET "/" for ::1 at 2019-04-17 21:03:17 +0900
Processing by ArticlesController#index as HTML
  Rendering articles/index.html within layouts/application
  Rendered articles/index.html within layouts/application (0.3ms)
Completed 200 OK in 56ms (Views: 53.4ms | ActiveRecord: 0.0ms)


Started GET "/" for ::1 at 2019-04-17 21:03:55 +0900
Processing by ArticlesController#index as HTML
  Rendering articles/index.html within layouts/application
  Rendered articles/index.html within layouts/application (0.3ms)
Completed 200 OK in 54ms (Views: 51.6ms | ActiveRecord: 0.0ms)


Started GET "/" for ::1 at 2019-04-17 21:04:28 +0900
Processing by ArticlesController#index as HTML
  Rendering articles/index.html within layouts/application
  Rendered articles/index.html within layouts/application (0.3ms)
Completed 200 OK in 19ms (Views: 16.7ms | ActiveRecord: 0.0ms)


Started GET "/" for ::1 at 2019-04-17 21:04:28 +0900
Processing by ArticlesController#index as HTML
  Rendering articles/index.html within layouts/application
  Rendered articles/index.html within layouts/application (0.2ms)
Completed 200 OK in 19ms (Views: 16.9ms | ActiveRecord: 0.0ms)


Started GET "/" for ::1 at 2019-04-17 21:04:41 +0900
Processing by ArticlesController#index as HTML
  Rendering articles/index.html within layouts/application
  Rendered articles/index.html within layouts/application (0.3ms)
Completed 200 OK in 20ms (Views: 18.0ms | ActiveRecord: 0.0ms)


Started GET "/" for ::1 at 2019-04-17 21:05:10 +0900
Processing by ArticlesController#index as HTML
  Rendering articles/index.html within layouts/application
  Rendered articles/index.html within layouts/application (0.3ms)
Completed 200 OK in 25ms (Views: 22.7ms | ActiveRecord: 0.0ms)


Started GET "/" for ::1 at 2019-04-17 21:05:31 +0900
Processing by ArticlesController#index as HTML
  Rendering articles/index.html within layouts/application
  Rendered articles/index.html within layouts/application (0.3ms)
Completed 200 OK in 56ms (Views: 53.0ms | ActiveRecord: 0.0ms)


Started GET "/" for ::1 at 2019-04-17 21:05:59 +0900
Processing by ArticlesController#index as HTML
  Rendering articles/index.html within layouts/application
  Rendered articles/index.html within layouts/application (0.3ms)
Completed 200 OK in 56ms (Views: 53.5ms | ActiveRecord: 0.0ms)


Started GET "/" for ::1 at 2019-04-17 21:05:59 +0900
Processing by ArticlesController#index as HTML
  Rendering articles/index.html within layouts/application
  Rendered articles/index.html within layouts/application (0.3ms)
Completed 200 OK in 19ms (Views: 17.1ms | ActiveRecord: 0.0ms)


Started GET "/" for ::1 at 2019-04-17 21:06:27 +0900
Processing by ArticlesController#index as HTML
  Rendering articles/index.html within layouts/application
  Rendered articles/index.html within layouts/application (0.3ms)
Completed 200 OK in 55ms (Views: 52.7ms | ActiveRecord: 0.0ms)


Started GET "/" for ::1 at 2019-04-17 21:06:36 +0900
Processing by ArticlesController#index as HTML
  Rendering articles/index.html within layouts/application
  Rendered articles/index.html within layouts/application (0.3ms)
Completed 200 OK in 67ms (Views: 63.9ms | ActiveRecord: 0.0ms)


Started GET "/" for ::1 at 2019-04-17 21:06:43 +0900
Processing by ArticlesController#index as HTML
  Rendering articles/index.html within layouts/application
  Rendered articles/index.html within layouts/application (0.3ms)
Completed 200 OK in 61ms (Views: 58.4ms | ActiveRecord: 0.0ms)


Started GET "/" for ::1 at 2019-04-17 21:07:02 +0900
Processing by ArticlesController#index as HTML
  Rendering articles/index.html within layouts/application
  Rendered articles/index.html within layouts/application (0.3ms)
Completed 200 OK in 23ms (Views: 20.7ms | ActiveRecord: 0.0ms)


Started GET "/" for ::1 at 2019-04-17 21:20:32 +0900
Processing by ArticlesController#index as HTML
  Rendering articles/index.html within layouts/application
  Rendered articles/index.html within layouts/application (0.3ms)
Completed 200 OK in 28ms (Views: 25.5ms | ActiveRecord: 0.0ms)


Started GET "/" for ::1 at 2019-04-17 21:21:09 +0900
Processing by ArticlesController#index as HTML
  Rendering articles/index.html within layouts/application
  Rendered articles/index.html within layouts/application (0.3ms)
Completed 200 OK in 22ms (Views: 20.3ms | ActiveRecord: 0.0ms)


Started GET "/" for ::1 at 2019-04-17 21:22:15 +0900
Processing by ArticlesController#index as HTML
  Rendering articles/index.html within layouts/application
  Rendered articles/index.html within layouts/application (0.3ms)
Completed 200 OK in 66ms (Views: 63.9ms | ActiveRecord: 0.0ms)


Started GET "/" for ::1 at 2019-04-17 21:22:16 +0900
Processing by ArticlesController#index as HTML
  Rendering articles/index.html within layouts/application
  Rendered articles/index.html within layouts/application (0.3ms)
Completed 200 OK in 19ms (Views: 16.3ms | ActiveRecord: 0.0ms)


Started GET "/" for ::1 at 2019-04-17 21:22:36 +0900
Processing by ArticlesController#index as HTML
  Rendering articles/index.html within layouts/application
  Rendered articles/index.html within layouts/application (0.3ms)
Completed 200 OK in 57ms (Views: 54.8ms | ActiveRecord: 0.0ms)


Started GET "/" for ::1 at 2019-04-17 21:23:09 +0900
Processing by ArticlesController#index as HTML
  Rendering articles/index.html within layouts/application
  Rendered articles/index.html within layouts/application (0.3ms)
Completed 200 OK in 57ms (Views: 54.3ms | ActiveRecord: 0.0ms)


Started GET "/" for ::1 at 2019-04-17 21:24:34 +0900
Processing by ArticlesController#index as HTML
  Rendering articles/index.html within layouts/application
  Rendered articles/index.html within layouts/application (0.3ms)
Completed 200 OK in 57ms (Views: 54.9ms | ActiveRecord: 0.0ms)


Started GET "/" for ::1 at 2019-04-17 21:26:07 +0900
Processing by ArticlesController#index as HTML
  Rendering articles/index.html within layouts/application
  Rendered articles/index.html within layouts/application (0.4ms)
Completed 200 OK in 63ms (Views: 60.5ms | ActiveRecord: 0.0ms)


Started GET "/" for ::1 at 2019-04-17 21:26:32 +0900
Processing by ArticlesController#index as HTML
  Rendering articles/index.html within layouts/application
  Rendered articles/index.html within layouts/application (0.3ms)
Completed 200 OK in 56ms (Views: 54.0ms | ActiveRecord: 0.0ms)


Started GET "/" for ::1 at 2019-04-17 21:27:22 +0900
Processing by ArticlesController#index as HTML
  Rendering articles/index.html within layouts/application
  Rendered articles/index.html within layouts/application (0.3ms)
Completed 200 OK in 65ms (Views: 61.9ms | ActiveRecord: 0.0ms)


Started GET "/" for ::1 at 2019-04-17 21:27:54 +0900
Processing by ArticlesController#index as HTML
  Rendering articles/index.html within layouts/application
  Rendered articles/index.html within layouts/application (0.4ms)
Completed 200 OK in 55ms (Views: 53.1ms | ActiveRecord: 0.0ms)


Started GET "/" for ::1 at 2019-04-17 21:28:57 +0900
Processing by ArticlesController#index as HTML
  Rendering articles/index.html within layouts/application
  Rendered articles/index.html within layouts/application (0.3ms)
Completed 500 Internal Server Error in 29ms (ActiveRecord: 0.0ms)


  
ActionView::Template::Error (Invalid CSS after "  }": expected selector or at-rule, was "}"):
     6:     <%= csrf_meta_tags %>
     7:     <%= csp_meta_tag %>
     8: 
     9:     <%= stylesheet_link_tag    'application', media: 'all', 'data-turbolinks-track': 'reload' %>
    10:     <%= javascript_include_tag 'application', 'data-turbolinks-track': 'reload' %>
    11:   </head>
    12: 
  
app/assets/stylesheets/articles.scss:59
app/assets/stylesheets/application.scss:2
app/views/layouts/application.html.erb:9:in `_app_views_layouts_application_html_erb__182662579717824673_70335960977700'
Started GET "/" for ::1 at 2019-04-17 21:29:06 +0900
Processing by ArticlesController#index as HTML
  Rendering articles/index.html within layouts/application
  Rendered articles/index.html within layouts/application (0.3ms)
Completed 500 Internal Server Error in 28ms (ActiveRecord: 0.0ms)


  
ActionView::Template::Error (Invalid CSS after "    }": expected selector or at-rule, was "}"):
     6:     <%= csrf_meta_tags %>
     7:     <%= csp_meta_tag %>
     8: 
     9:     <%= stylesheet_link_tag    'application', media: 'all', 'data-turbolinks-track': 'reload' %>
    10:     <%= javascript_include_tag 'application', 'data-turbolinks-track': 'reload' %>
    11:   </head>
    12: 
  
app/assets/stylesheets/articles.scss:59
app/assets/stylesheets/application.scss:2
app/views/layouts/application.html.erb:9:in `_app_views_layouts_application_html_erb__182662579717824673_70336032598620'
Started GET "/" for ::1 at 2019-04-17 21:29:19 +0900
Processing by ArticlesController#index as HTML
  Rendering articles/index.html within layouts/application
  Rendered articles/index.html within layouts/application (0.3ms)
Completed 500 Internal Server Error in 28ms (ActiveRecord: 0.0ms)


  
ActionView::Template::Error (Invalid CSS after "  }": expected selector or at-rule, was "}"):
     6:     <%= csrf_meta_tags %>
     7:     <%= csp_meta_tag %>
     8: 
     9:     <%= stylesheet_link_tag    'application', media: 'all', 'data-turbolinks-track': 'reload' %>
    10:     <%= javascript_include_tag 'application', 'data-turbolinks-track': 'reload' %>
    11:   </head>
    12: 
  
app/assets/stylesheets/articles.scss:57
app/assets/stylesheets/application.scss:2
app/views/layouts/application.html.erb:9:in `_app_views_layouts_application_html_erb__182662579717824673_70335961288860'
Started GET "/" for ::1 at 2019-04-17 21:29:32 +0900
Processing by ArticlesController#index as HTML
  Rendering articles/index.html within layouts/application
  Rendered articles/index.html within layouts/application (0.3ms)
Completed 200 OK in 54ms (Views: 52.3ms | ActiveRecord: 0.0ms)


Started GET "/" for ::1 at 2019-04-17 21:29:44 +0900
Processing by ArticlesController#index as HTML
  Rendering articles/index.html within layouts/application
  Rendered articles/index.html within layouts/application (0.3ms)
Completed 200 OK in 63ms (Views: 61.2ms | ActiveRecord: 0.0ms)


Started GET "/" for ::1 at 2019-04-17 21:29:52 +0900
Processing by ArticlesController#index as HTML
  Rendering articles/index.html within layouts/application
  Rendered articles/index.html within layouts/application (0.3ms)
Completed 200 OK in 63ms (Views: 60.9ms | ActiveRecord: 0.0ms)


Started GET "/" for ::1 at 2019-04-17 21:30:07 +0900
Processing by ArticlesController#index as HTML
  Rendering articles/index.html within layouts/application
  Rendered articles/index.html within layouts/application (0.4ms)
Completed 200 OK in 62ms (Views: 60.3ms | ActiveRecord: 0.0ms)


Started GET "/" for ::1 at 2019-04-17 21:31:51 +0900
Processing by ArticlesController#index as HTML
  Rendering articles/index.html within layouts/application
  Rendered articles/index.html within layouts/application (0.3ms)
Completed 200 OK in 64ms (Views: 61.8ms | ActiveRecord: 0.0ms)


Started GET "/" for ::1 at 2019-04-17 21:32:37 +0900
Processing by ArticlesController#index as HTML
  Rendering articles/index.html within layouts/application
  Rendered articles/index.html within layouts/application (0.3ms)
Completed 200 OK in 56ms (Views: 53.9ms | ActiveRecord: 0.0ms)


Started GET "/" for ::1 at 2019-04-17 21:32:38 +0900
Processing by ArticlesController#index as HTML
  Rendering articles/index.html within layouts/application
  Rendered articles/index.html within layouts/application (0.3ms)
Completed 200 OK in 18ms (Views: 16.2ms | ActiveRecord: 0.0ms)


Started GET "/" for ::1 at 2019-04-17 21:32:55 +0900
Processing by ArticlesController#index as HTML
  Rendering articles/index.html within layouts/application
  Rendered articles/index.html within layouts/application (0.4ms)
Completed 200 OK in 59ms (Views: 56.6ms | ActiveRecord: 0.0ms)


Started GET "/" for ::1 at 2019-04-17 21:33:29 +0900
Processing by ArticlesController#index as HTML
  Rendering articles/index.html within layouts/application
  Rendered articles/index.html within layouts/application (0.3ms)
Completed 200 OK in 68ms (Views: 65.3ms | ActiveRecord: 0.0ms)


Started GET "/" for ::1 at 2019-04-17 21:38:36 +0900
Processing by ArticlesController#index as HTML
  Rendering articles/index.html within layouts/application
  Rendered articles/index.html within layouts/application (0.3ms)
Completed 200 OK in 20ms (Views: 17.4ms | ActiveRecord: 0.0ms)


Started GET "/" for ::1 at 2019-04-17 21:39:06 +0900
Processing by ArticlesController#index as HTML
  Rendering articles/index.html within layouts/application
  Rendered articles/index.html within layouts/application (0.4ms)
Completed 200 OK in 58ms (Views: 55.8ms | ActiveRecord: 0.0ms)


Started GET "/" for ::1 at 2019-04-17 21:39:07 +0900
Processing by ArticlesController#index as HTML
  Rendering articles/index.html within layouts/application
  Rendered articles/index.html within layouts/application (0.3ms)
Completed 200 OK in 20ms (Views: 17.4ms | ActiveRecord: 0.0ms)


Started GET "/" for ::1 at 2019-04-17 21:39:33 +0900
Processing by ArticlesController#index as HTML
  Rendering articles/index.html within layouts/application
  Rendered articles/index.html within layouts/application (0.4ms)
Completed 200 OK in 60ms (Views: 58.0ms | ActiveRecord: 0.0ms)


Started GET "/" for ::1 at 2019-04-17 21:40:05 +0900
Processing by ArticlesController#index as HTML
  Rendering articles/index.html within layouts/application
  Rendered articles/index.html within layouts/application (0.3ms)
Completed 200 OK in 58ms (Views: 55.5ms | ActiveRecord: 0.0ms)


Started GET "/" for ::1 at 2019-04-17 21:40:24 +0900
Processing by ArticlesController#index as HTML
  Rendering articles/index.html within layouts/application
  Rendered articles/index.html within layouts/application (0.3ms)
Completed 200 OK in 70ms (Views: 67.3ms | ActiveRecord: 0.0ms)


Started GET "/" for ::1 at 2019-04-17 21:40:44 +0900
Processing by ArticlesController#index as HTML
  Rendering articles/index.html within layouts/application
  Rendered articles/index.html within layouts/application (0.3ms)
Completed 200 OK in 77ms (Views: 74.7ms | ActiveRecord: 0.0ms)


Started GET "/" for ::1 at 2019-04-17 21:40:52 +0900
Processing by ArticlesController#index as HTML
  Rendering articles/index.html within layouts/application
  Rendered articles/index.html within layouts/application (0.3ms)
Completed 200 OK in 69ms (Views: 66.8ms | ActiveRecord: 0.0ms)


Started GET "/" for ::1 at 2019-04-17 21:40:58 +0900
Processing by ArticlesController#index as HTML
  Rendering articles/index.html within layouts/application
  Rendered articles/index.html within layouts/application (0.3ms)
Completed 200 OK in 67ms (Views: 65.0ms | ActiveRecord: 0.0ms)


Started GET "/" for ::1 at 2019-04-17 21:41:08 +0900
Processing by ArticlesController#index as HTML
  Rendering articles/index.html within layouts/application
  Rendered articles/index.html within layouts/application (0.4ms)
Completed 200 OK in 70ms (Views: 67.7ms | ActiveRecord: 0.0ms)


Started GET "/" for ::1 at 2019-04-17 21:41:54 +0900
Processing by ArticlesController#index as HTML
  Rendering articles/index.html within layouts/application
  Rendered articles/index.html within layouts/application (0.4ms)
Completed 200 OK in 69ms (Views: 66.3ms | ActiveRecord: 0.0ms)


Started GET "/" for ::1 at 2019-04-17 21:42:00 +0900
Processing by ArticlesController#index as HTML
  Rendering articles/index.html within layouts/application
  Rendered articles/index.html within layouts/application (0.4ms)
Completed 200 OK in 66ms (Views: 63.9ms | ActiveRecord: 0.0ms)


Started GET "/" for ::1 at 2019-04-17 21:42:01 +0900
Processing by ArticlesController#index as HTML
  Rendering articles/index.html within layouts/application
  Rendered articles/index.html within layouts/application (0.3ms)
Completed 200 OK in 20ms (Views: 17.7ms | ActiveRecord: 0.0ms)


Started GET "/" for ::1 at 2019-04-17 21:42:09 +0900
Processing by ArticlesController#index as HTML
  Rendering articles/index.html within layouts/application
  Rendered articles/index.html within layouts/application (0.4ms)
Completed 200 OK in 22ms (Views: 20.2ms | ActiveRecord: 0.0ms)


Started GET "/" for ::1 at 2019-04-17 21:42:27 +0900
Processing by ArticlesController#index as HTML
  Rendering articles/index.html within layouts/application
  Rendered articles/index.html within layouts/application (0.3ms)
Completed 200 OK in 70ms (Views: 68.0ms | ActiveRecord: 0.0ms)


Started GET "/" for ::1 at 2019-04-17 21:42:42 +0900
Processing by ArticlesController#index as HTML
  Rendering articles/index.html within layouts/application
  Rendered articles/index.html within layouts/application (0.4ms)
Completed 200 OK in 70ms (Views: 67.6ms | ActiveRecord: 0.0ms)


Started GET "/" for ::1 at 2019-04-17 21:42:43 +0900
Processing by ArticlesController#index as HTML
  Rendering articles/index.html within layouts/application
  Rendered articles/index.html within layouts/application (0.3ms)
Completed 200 OK in 18ms (Views: 15.6ms | ActiveRecord: 0.0ms)


Started GET "/" for ::1 at 2019-04-17 21:42:55 +0900
Processing by ArticlesController#index as HTML
  Rendering articles/index.html within layouts/application
  Rendered articles/index.html within layouts/application (0.3ms)
Completed 200 OK in 60ms (Views: 57.5ms | ActiveRecord: 0.0ms)


Started GET "/" for ::1 at 2019-04-17 21:45:27 +0900
Processing by ArticlesController#index as HTML
  Rendering articles/index.html within layouts/application
  Rendered articles/index.html within layouts/application (0.3ms)
Completed 200 OK in 44ms (Views: 41.9ms | ActiveRecord: 0.0ms)


Started GET "/" for ::1 at 2019-04-17 21:45:29 +0900
Processing by ArticlesController#index as HTML
  Rendering articles/index.html within layouts/application
  Rendered articles/index.html within layouts/application (0.4ms)
Completed 200 OK in 18ms (Views: 16.0ms | ActiveRecord: 0.0ms)


Started GET "/" for ::1 at 2019-04-17 21:45:43 +0900
Processing by ArticlesController#index as HTML
  Rendering articles/index.html within layouts/application
  Rendered articles/index.html within layouts/application (0.3ms)
Completed 200 OK in 19ms (Views: 16.3ms | ActiveRecord: 0.0ms)


Started GET "/" for ::1 at 2019-04-17 21:46:02 +0900
Processing by ArticlesController#index as HTML
  Rendering articles/index.html within layouts/application
  Rendered articles/index.html within layouts/application (0.3ms)
Completed 200 OK in 18ms (Views: 16.4ms | ActiveRecord: 0.0ms)


Started GET "/" for ::1 at 2019-04-17 21:46:04 +0900
Processing by ArticlesController#index as HTML
  Rendering articles/index.html within layouts/application
  Rendered articles/index.html within layouts/application (0.3ms)
Completed 200 OK in 29ms (Views: 27.6ms | ActiveRecord: 0.0ms)


Started GET "/" for ::1 at 2019-04-17 21:46:43 +0900
Processing by ArticlesController#index as HTML
  Rendering articles/index.html within layouts/application
  Rendered articles/index.html within layouts/application (0.3ms)
Completed 200 OK in 19ms (Views: 17.3ms | ActiveRecord: 0.0ms)


Started GET "/" for ::1 at 2019-04-17 21:47:54 +0900
Processing by ArticlesController#index as HTML
  Rendering articles/index.html within layouts/application
  Rendered articles/index.html within layouts/application (0.3ms)
Completed 200 OK in 20ms (Views: 18.2ms | ActiveRecord: 0.0ms)


Started GET "/" for ::1 at 2019-04-17 21:47:55 +0900
Processing by ArticlesController#index as HTML
  Rendering articles/index.html within layouts/application
  Rendered articles/index.html within layouts/application (0.3ms)
Completed 200 OK in 19ms (Views: 17.0ms | ActiveRecord: 0.0ms)


Started GET "/" for ::1 at 2019-04-17 21:47:56 +0900
Processing by ArticlesController#index as HTML
  Rendering articles/index.html within layouts/application
  Rendered articles/index.html within layouts/application (0.3ms)
Completed 200 OK in 19ms (Views: 16.9ms | ActiveRecord: 0.0ms)


Started GET "/" for ::1 at 2019-04-17 21:48:37 +0900
Processing by ArticlesController#index as HTML
  Rendering articles/index.html within layouts/application
  Rendered articles/index.html within layouts/application (0.4ms)
Completed 200 OK in 21ms (Views: 18.4ms | ActiveRecord: 0.0ms)


Started GET "/" for ::1 at 2019-04-17 21:48:38 +0900
Processing by ArticlesController#index as HTML
  Rendering articles/index.html within layouts/application
  Rendered articles/index.html within layouts/application (0.3ms)
Completed 200 OK in 20ms (Views: 17.6ms | ActiveRecord: 0.0ms)


Started GET "/" for ::1 at 2019-04-17 21:48:54 +0900
Processing by ArticlesController#index as HTML
  Rendering articles/index.html within layouts/application
  Rendered articles/index.html within layouts/application (0.3ms)
Completed 200 OK in 60ms (Views: 57.8ms | ActiveRecord: 0.0ms)


Started GET "/" for ::1 at 2019-04-17 21:49:02 +0900
Processing by ArticlesController#index as HTML
  Rendering articles/index.html within layouts/application
  Rendered articles/index.html within layouts/application (0.3ms)
Completed 200 OK in 57ms (Views: 53.3ms | ActiveRecord: 0.0ms)


Started GET "/" for ::1 at 2019-04-17 21:49:30 +0900
Processing by ArticlesController#index as HTML
  Rendering articles/index.html within layouts/application
  Rendered articles/index.html within layouts/application (0.4ms)
Completed 200 OK in 55ms (Views: 53.4ms | ActiveRecord: 0.0ms)


Started GET "/" for ::1 at 2019-04-17 21:49:31 +0900
Processing by ArticlesController#index as HTML
  Rendering articles/index.html within layouts/application
  Rendered articles/index.html within layouts/application (0.4ms)
Completed 200 OK in 18ms (Views: 15.7ms | ActiveRecord: 0.0ms)


Started GET "/" for ::1 at 2019-04-17 21:49:42 +0900
Processing by ArticlesController#index as HTML
  Rendering articles/index.html within layouts/application
  Rendered articles/index.html within layouts/application (0.3ms)
Completed 200 OK in 48ms (Views: 46.1ms | ActiveRecord: 0.0ms)


Started GET "/" for ::1 at 2019-04-17 21:49:53 +0900
Processing by ArticlesController#index as HTML
  Rendering articles/index.html within layouts/application
  Rendered articles/index.html within layouts/application (0.3ms)
Completed 200 OK in 65ms (Views: 63.3ms | ActiveRecord: 0.0ms)


Started GET "/" for ::1 at 2019-04-17 21:50:07 +0900
Processing by ArticlesController#index as HTML
  Rendering articles/index.html within layouts/application
  Rendered articles/index.html within layouts/application (0.3ms)
Completed 200 OK in 64ms (Views: 61.6ms | ActiveRecord: 0.0ms)


Started GET "/" for ::1 at 2019-04-17 21:50:36 +0900
Processing by ArticlesController#index as HTML
  Rendering articles/index.html within layouts/application
  Rendered articles/index.html within layouts/application (0.3ms)
Completed 200 OK in 19ms (Views: 17.2ms | ActiveRecord: 0.0ms)


Started GET "/" for ::1 at 2019-04-17 21:50:58 +0900
Processing by ArticlesController#index as HTML
  Rendering articles/index.html within layouts/application
  Rendered articles/index.html within layouts/application (0.3ms)
Completed 200 OK in 20ms (Views: 17.6ms | ActiveRecord: 0.0ms)


Started GET "/" for ::1 at 2019-04-17 21:51:06 +0900
Processing by ArticlesController#index as HTML
  Rendering articles/index.html within layouts/application
  Rendered articles/index.html within layouts/application (0.4ms)
Completed 200 OK in 20ms (Views: 17.5ms | ActiveRecord: 0.0ms)


Started GET "/" for ::1 at 2019-04-17 21:51:07 +0900
Processing by ArticlesController#index as HTML
  Rendering articles/index.html within layouts/application
  Rendered articles/index.html within layouts/application (0.3ms)
Completed 200 OK in 19ms (Views: 16.8ms | ActiveRecord: 0.0ms)


Started GET "/" for ::1 at 2019-04-17 21:51:36 +0900
Processing by ArticlesController#index as HTML
  Rendering articles/index.html within layouts/application
  Rendered articles/index.html within layouts/application (0.4ms)
Completed 200 OK in 67ms (Views: 64.6ms | ActiveRecord: 0.0ms)


